Using pre-set license
Built from '2020.3/staging' branch; Version is '2020.3.21f1 (a38c86f6690f) revision 10718342'; Using compiler version '192528614'; Build Type 'Release'
OS: 'Windows 10 Home Single Language; OS build 19043.1288; Version 2009; 64bit' Language: 'ru' Physical Memory: 8120 MB
BatchMode: 1, IsHumanControllingUs: 0, StartBugReporterOnCrash: 0, Is64bit: 1, IsPro: 0

COMMAND LINE ARGUMENTS:
C:\Program Files\Unity\Hub\Editor\2020.3.21f1\Editor\Unity.exe
-adb2
-batchMode
-noUpm
-name
AssetImportWorker0
-projectPath
C:/Users/recon/OneDrive/Documents/GitHub/ScrollableUI
-logFile
Logs/AssetImportWorker0.log
-srvPort
59978
Successfully changed project path to: C:/Users/recon/OneDrive/Documents/GitHub/ScrollableUI
C:/Users/recon/OneDrive/Documents/GitHub/ScrollableUI
Using Asset Import Pipeline V2.
Refreshing native plugins compatible for Editor in 53.51 ms, found 3 plugins.
Preloading 0 native plugins for Editor in 0.00 ms.
Initialize engine version: 2020.3.21f1 (a38c86f6690f)
[Subsystems] Discovering subsystems at path C:/Program Files/Unity/Hub/Editor/2020.3.21f1/Editor/Data/Resources/UnitySubsystems
[Subsystems] Discovering subsystems at path C:/Users/recon/OneDrive/Documents/GitHub/ScrollableUI/Assets
GfxDevice: creating device client; threaded=0
Direct3D:
    Version:  Direct3D 11.0 [level 11.1]
    Renderer: NVIDIA GeForce GTX 1660 (ID=0x2184)
    Vendor:   
    VRAM:     5991 MB
    Driver:   27.21.14.6089
Initialize mono
Mono path[0] = 'C:/Program Files/Unity/Hub/Editor/2020.3.21f1/Editor/Data/Managed'
Mono path[1] = 'C:/Program Files/Unity/Hub/Editor/2020.3.21f1/Editor/Data/MonoBleedingEdge/lib/mono/unityjit'
Mono config path = 'C:/Program Files/Unity/Hub/Editor/2020.3.21f1/Editor/Data/MonoBleedingEdge/etc'
Using monoOptions --debugger-agent=transport=dt_socket,embedding=1,server=y,suspend=n,address=127.0.0.1:56280
Begin MonoManager ReloadAssembly
Registering precompiled unity dll's ...
Register platform support module: C:/Program Files/Unity/Hub/Editor/2020.3.21f1/Editor/Data/PlaybackEngines/WindowsStandaloneSupport/UnityEditor.WindowsStandalone.Extensions.dll
Registered in 0.002216 seconds.
Native extension for WindowsStandalone target not found
Refreshing native plugins compatible for Editor in 42.24 ms, found 3 plugins.
Preloading 0 native plugins for Editor in 0.00 ms.
Mono: successfully reloaded assembly
- Completed reload, in  1.868 seconds
Domain Reload Profiling:
	ReloadAssembly (1868ms)
		BeginReloadAssembly (72ms)
			ExecutionOrderSort (0ms)
			DisableScriptedObjects (0ms)
			BackupInstance (0ms)
			ReleaseScriptingObjects (0ms)
			CreateAndSetChildDomain (1ms)
		EndReloadAssembly (419ms)
			LoadAssemblies (70ms)
			RebuildTransferFunctionScriptingTraits (0ms)
			SetupTypeCache (142ms)
			ReleaseScriptCaches (0ms)
			RebuildScriptCaches (28ms)
			SetupLoadedEditorAssemblies (156ms)
				LogAssemblyErrors (0ms)
				InitializePlatformSupportModulesInManaged (3ms)
				SetLoadedEditorAssemblies (0ms)
				RefreshPlugins (42ms)
				BeforeProcessingInitializeOnLoad (15ms)
				ProcessInitializeOnLoadAttributes (70ms)
				ProcessInitializeOnLoadMethodAttributes (25ms)
				AfterProcessingInitializeOnLoad (0ms)
				EditorAssembliesLoaded (0ms)
			ExecutionOrderSort2 (0ms)
			AwakeInstancesAfterBackupRestoration (0ms)
Platform modules already initialized, skipping
Registering precompiled user dll's ...
Registered in 0.005860 seconds.
Begin MonoManager ReloadAssembly
Native extension for WindowsStandalone target not found
Refreshing native plugins compatible for Editor in 43.32 ms, found 3 plugins.
Preloading 0 native plugins for Editor in 0.00 ms.
Mono: successfully reloaded assembly
- Completed reload, in  1.115 seconds
Domain Reload Profiling:
	ReloadAssembly (1116ms)
		BeginReloadAssembly (153ms)
			ExecutionOrderSort (0ms)
			DisableScriptedObjects (4ms)
			BackupInstance (0ms)
			ReleaseScriptingObjects (0ms)
			CreateAndSetChildDomain (17ms)
		EndReloadAssembly (903ms)
			LoadAssemblies (119ms)
			RebuildTransferFunctionScriptingTraits (0ms)
			SetupTypeCache (299ms)
			ReleaseScriptCaches (0ms)
			RebuildScriptCaches (46ms)
			SetupLoadedEditorAssemblies (336ms)
				LogAssemblyErrors (0ms)
				InitializePlatformSupportModulesInManaged (4ms)
				SetLoadedEditorAssemblies (0ms)
				RefreshPlugins (43ms)
				BeforeProcessingInitializeOnLoad (82ms)
				ProcessInitializeOnLoadAttributes (185ms)
				ProcessInitializeOnLoadMethodAttributes (15ms)
				AfterProcessingInitializeOnLoad (7ms)
				EditorAssembliesLoaded (0ms)
			ExecutionOrderSort2 (0ms)
			AwakeInstancesAfterBackupRestoration (6ms)
Platform modules already initialized, skipping
========================================================================
Worker process is ready to serve import requests
Launched and connected shader compiler UnityShaderCompiler.exe after 0.06 seconds
Refreshing native plugins compatible for Editor in 0.63 ms, found 3 plugins.
Preloading 0 native plugins for Editor in 0.00 ms.
Unloading 2284 Unused Serialized files (Serialized files now loaded: 0)
System memory in use before: 98.5 MB.
System memory in use after: 98.6 MB.

Unloading 41 unused Assets to reduce memory usage. Loaded Objects now: 2704.
Total: 3.254000 ms (FindLiveObjects: 0.219700 ms CreateObjectMapping: 0.101100 ms MarkObjects: 2.866000 ms  DeleteObjects: 0.066100 ms)

AssetImportParameters requested are different than current active one (requested -> active):
  custom:framework-win-MediaFoundation: 216162199b28c13a410421893ffa2e32 -> 
  custom:video-decoder-ogg-theora: a1e56fd34408186e4bbccfd4996cb3dc -> 
  custom:container-muxer-webm: aa71ff27fc2769a1b78a27578f13a17b -> 
  custom:container-demuxer-webm: 4f35f7cbe854078d1ac9338744f61a02 -> 
  custom:container-demuxer-ogg: 62fdf1f143b41e24485cea50d1cbac27 -> 
  custom:video-encoder-webm-vp8: eb34c28f22e8b96e1ab97ce403110664 -> 
  custom:video-codec-MediaFoundation-h265: 746d11721c4dcdbdad8f713fa42b33f4 -> 
  custom:video-decoder-webm-vp8: 9c59270c3fd7afecdb556c50c9e8de78 -> 
  custom:audio-decoder-ogg-vorbis: bf7c407c2cedff20999df2af8eb42d56 -> 
  custom:audio-encoder-webm-vorbis: bf7c407c2cedff20999df2af8eb42d56 -> 
========================================================================
Received Import Request.
  path: Assets/Test/tv_icon.png
  artifactKey: Guid(66705960eabb94443869d8b63f7ac4b9) Importer(815301076,1909f56bfc062723c751e8b465ee728b)
Start importing Assets/Test/tv_icon.png using Guid(66705960eabb94443869d8b63f7ac4b9) Importer(815301076,1909f56bfc062723c751e8b465ee728b)  -> (artifact id: '192fe840afac0eae37dd86b9739fd745') in 0.199515 seconds 
  Import took 0.202923 seconds .

========================================================================
Received Import Request.
  Time since last request: 0.000267 seconds.
  path: Assets/Test/teletape_back8_2.png
  artifactKey: Guid(1c17128a372bfc447bce4a24d5bfcdb6) Importer(815301076,1909f56bfc062723c751e8b465ee728b)
Start importing Assets/Test/teletape_back8_2.png using Guid(1c17128a372bfc447bce4a24d5bfcdb6) Importer(815301076,1909f56bfc062723c751e8b465ee728b)  -> (artifact id: '7fd2cb4497918edb7cbcf67471b0f698') in 0.025290 seconds 
  Import took 0.028748 seconds .

========================================================================
Received Import Request.
  Time since last request: 0.000263 seconds.
  path: Assets/Test/caret.png
  artifactKey: Guid(e3db2b27501d2954bb28396cde30ae97) Importer(815301076,1909f56bfc062723c751e8b465ee728b)
Start importing Assets/Test/caret.png using Guid(e3db2b27501d2954bb28396cde30ae97) Importer(815301076,1909f56bfc062723c751e8b465ee728b)  -> (artifact id: '4faca3c04ab60d8871f8e4a75d90f35a') in 0.019352 seconds 
  Import took 0.023109 seconds .

========================================================================
Received Import Request.
  Time since last request: 0.000328 seconds.
  path: Assets/Test/green_batton_teletape.png
  artifactKey: Guid(ed56bb04e8bf41a4dbe31918c598fc15) Importer(815301076,1909f56bfc062723c751e8b465ee728b)
Start importing Assets/Test/green_batton_teletape.png using Guid(ed56bb04e8bf41a4dbe31918c598fc15) Importer(815301076,1909f56bfc062723c751e8b465ee728b)  -> (artifact id: '579f6768cc88d1ff39b9f2fefb4ac96c') in 0.017661 seconds 
  Import took 0.021535 seconds .

========================================================================
Received Import Request.
  Time since last request: 0.000266 seconds.
  path: Assets/Test/Money2.png
  artifactKey: Guid(4dd3b660f1612de49ac7f4d8ed680877) Importer(815301076,1909f56bfc062723c751e8b465ee728b)
Start importing Assets/Test/Money2.png using Guid(4dd3b660f1612de49ac7f4d8ed680877) Importer(815301076,1909f56bfc062723c751e8b465ee728b)  -> (artifact id: '05229ba15edbc389e18a6849bd2582a8') in 0.018662 seconds 
  Import took 0.022359 seconds .

========================================================================
Received Import Request.
  Time since last request: 0.000256 seconds.
  path: Assets/Test/teletape_back10_2.png
  artifactKey: Guid(e3caa1ec590de0c45868d624d8e66342) Importer(815301076,1909f56bfc062723c751e8b465ee728b)
Start importing Assets/Test/teletape_back10_2.png using Guid(e3caa1ec590de0c45868d624d8e66342) Importer(815301076,1909f56bfc062723c751e8b465ee728b)  -> (artifact id: '10b5ec8a04484937277a64d3eaaf0f31') in 0.023085 seconds 
  Import took 0.026310 seconds .

========================================================================
Received Import Request.
  Time since last request: 0.000237 seconds.
  path: Assets/Test/Wheat.png
  artifactKey: Guid(4840483563f0589409c28903c008cb82) Importer(815301076,1909f56bfc062723c751e8b465ee728b)
Start importing Assets/Test/Wheat.png using Guid(4840483563f0589409c28903c008cb82) Importer(815301076,1909f56bfc062723c751e8b465ee728b)  -> (artifact id: '35bd1be0e4663e77afc20819130ad349') in 0.021660 seconds 
  Import took 0.025264 seconds .

========================================================================
Received Import Request.
  Time since last request: 0.000175 seconds.
  path: Assets/Test/shadow_back.png
  artifactKey: Guid(39b1a7a6d12286146b8ccbe15a5948b7) Importer(815301076,1909f56bfc062723c751e8b465ee728b)
Start importing Assets/Test/shadow_back.png using Guid(39b1a7a6d12286146b8ccbe15a5948b7) Importer(815301076,1909f56bfc062723c751e8b465ee728b)  -> (artifact id: '05c5d83f7361c85c9f558b9ea688e7ee') in 0.022404 seconds 
  Import took 0.026926 seconds .

========================================================================
Received Import Request.
  Time since last request: 0.000188 seconds.
  path: Assets/Test/teletape_back_2.png
  artifactKey: Guid(c5de30b12e99ff64ab05298407cfdb59) Importer(815301076,1909f56bfc062723c751e8b465ee728b)
Start importing Assets/Test/teletape_back_2.png using Guid(c5de30b12e99ff64ab05298407cfdb59) Importer(815301076,1909f56bfc062723c751e8b465ee728b)  -> (artifact id: '30b4c639422fd73de9096f9b46516ca7') in 0.020749 seconds 
  Import took 0.024244 seconds .

========================================================================
Received Import Request.
  Time since last request: 0.000210 seconds.
  path: Assets/Test/teletape_back4_2.png
  artifactKey: Guid(fcba99ba66e8e6c43b3ee1b1af2a6f30) Importer(815301076,1909f56bfc062723c751e8b465ee728b)
Start importing Assets/Test/teletape_back4_2.png using Guid(fcba99ba66e8e6c43b3ee1b1af2a6f30) Importer(815301076,1909f56bfc062723c751e8b465ee728b)  -> (artifact id: 'e5fbcbebf8df8e6b81efd3b54de97e6d') in 0.019419 seconds 
  Import took 0.023237 seconds .

========================================================================
Received Import Request.
  Time since last request: 0.000186 seconds.
  path: Assets/Test/lines.png
  artifactKey: Guid(1a784b611fc632b41b71f1d5fc2315bc) Importer(815301076,1909f56bfc062723c751e8b465ee728b)
Start importing Assets/Test/lines.png using Guid(1a784b611fc632b41b71f1d5fc2315bc) Importer(815301076,1909f56bfc062723c751e8b465ee728b)  -> (artifact id: '6a2eb39a8a81d607b60000e029f6356c') in 0.020366 seconds 
  Import took 0.023709 seconds .

========================================================================
Received Import Request.
  Time since last request: 0.000252 seconds.
  path: Assets/Test/frame_back_corner.png
  artifactKey: Guid(06db897d7bab6e54e819f136c9b79755) Importer(815301076,1909f56bfc062723c751e8b465ee728b)
Start importing Assets/Test/frame_back_corner.png using Guid(06db897d7bab6e54e819f136c9b79755) Importer(815301076,1909f56bfc062723c751e8b465ee728b)  -> (artifact id: '3ceaae4bca8eb43b0facedd95f0aa1a9') in 0.017325 seconds 
  Import took 0.021778 seconds .

========================================================================
Received Import Request.
  Time since last request: 0.000202 seconds.
  path: Assets/Test/Bitter-Bold.ttf
  artifactKey: Guid(5a32bd7d173fbd2448ca6b2219d72d8b) Importer(815301076,1909f56bfc062723c751e8b465ee728b)
Start importing Assets/Test/Bitter-Bold.ttf using Guid(5a32bd7d173fbd2448ca6b2219d72d8b) Importer(815301076,1909f56bfc062723c751e8b465ee728b)  -> (artifact id: '04b3d8b6a577812fb681ecdd055e23d4') in 0.111217 seconds 
  Import took 0.114657 seconds .

========================================================================
Received Import Request.
  Time since last request: 0.000282 seconds.
  path: Assets/Test/close_button.png
  artifactKey: Guid(8b2b810837aed404c8d3e9129ad0315a) Importer(815301076,1909f56bfc062723c751e8b465ee728b)
Start importing Assets/Test/close_button.png using Guid(8b2b810837aed404c8d3e9129ad0315a) Importer(815301076,1909f56bfc062723c751e8b465ee728b)  -> (artifact id: '68a37f98ab96a12bfb2cb92c8102128d') in 0.015269 seconds 
  Import took 0.018629 seconds .

========================================================================
Received Import Request.
  Time since last request: 0.000265 seconds.
  path: Assets/Test/frame_back_dot.png
  artifactKey: Guid(e4b11a53228f77e43b67fa323e53541e) Importer(815301076,1909f56bfc062723c751e8b465ee728b)
Start importing Assets/Test/frame_back_dot.png using Guid(e4b11a53228f77e43b67fa323e53541e) Importer(815301076,1909f56bfc062723c751e8b465ee728b)  -> (artifact id: '7636fa8143d1442988c8c8c529ad11f3') in 0.013471 seconds 
  Import took 0.016667 seconds .

========================================================================
Received Import Request.
  Time since last request: 0.000307 seconds.
  path: Assets/Test/Corn.png
  artifactKey: Guid(43f9ca76472183c4aa84005b57ce3ae8) Importer(815301076,1909f56bfc062723c751e8b465ee728b)
Start importing Assets/Test/Corn.png using Guid(43f9ca76472183c4aa84005b57ce3ae8) Importer(815301076,1909f56bfc062723c751e8b465ee728b)  -> (artifact id: 'c8308cfc2dc88873724961864e90ed57') in 0.019669 seconds 
  Import took 0.023003 seconds .

========================================================================
Received Import Request.
  Time since last request: 0.000230 seconds.
  path: Assets/Test/Exp.png
  artifactKey: Guid(50f4eab03ac329344918276609038d66) Importer(815301076,1909f56bfc062723c751e8b465ee728b)
Start importing Assets/Test/Exp.png using Guid(50f4eab03ac329344918276609038d66) Importer(815301076,1909f56bfc062723c751e8b465ee728b)  -> (artifact id: '4ef9f5a8f9b8f86677a4cf13870f3a19') in 0.017869 seconds 
  Import took 0.021011 seconds .

========================================================================
Received Import Request.
  Time since last request: 0.000248 seconds.
  path: Assets/Test/circle.png
  artifactKey: Guid(caccd94b49b43a947b5be2f7e2f8e0c7) Importer(815301076,1909f56bfc062723c751e8b465ee728b)
Start importing Assets/Test/circle.png using Guid(caccd94b49b43a947b5be2f7e2f8e0c7) Importer(815301076,1909f56bfc062723c751e8b465ee728b)  -> (artifact id: 'e46d13ccdefb5c1740a8776d4e25cdd8') in 0.011219 seconds 
  Import took 0.014799 seconds .

========================================================================
Received Import Request.
  Time since last request: 0.000229 seconds.
  path: Assets/Test/corner.png
  artifactKey: Guid(9c39eb3f436f8844b9c7f055bfcb3ba8) Importer(815301076,1909f56bfc062723c751e8b465ee728b)
Start importing Assets/Test/corner.png using Guid(9c39eb3f436f8844b9c7f055bfcb3ba8) Importer(815301076,1909f56bfc062723c751e8b465ee728b)  -> (artifact id: '94c8d227ee4ef61b7f7d7a5160693f98') in 0.012214 seconds 
  Import took 0.015972 seconds .

========================================================================
Received Import Request.
  Time since last request: 0.000318 seconds.
  path: Assets/Test/teletape_back2_2.png
  artifactKey: Guid(ac78c88944c731a419987afec74b4c23) Importer(815301076,1909f56bfc062723c751e8b465ee728b)
Start importing Assets/Test/teletape_back2_2.png using Guid(ac78c88944c731a419987afec74b4c23) Importer(815301076,1909f56bfc062723c751e8b465ee728b)  -> (artifact id: 'c1074edc04a7b38d1ec387f3178939dc') in 0.012501 seconds 
  Import took 0.015980 seconds .

========================================================================
Received Import Request.
  Time since last request: 0.000244 seconds.
  path: Assets/Test/Screenshot_1.png
  artifactKey: Guid(2cb2c7c564f21714ba10e143b73a1f04) Importer(815301076,1909f56bfc062723c751e8b465ee728b)
Start importing Assets/Test/Screenshot_1.png using Guid(2cb2c7c564f21714ba10e143b73a1f04) Importer(815301076,1909f56bfc062723c751e8b465ee728b)  -> (artifact id: '6d1d5999ee1e201bf7f3eb1bdf40d6c1') in 0.035742 seconds 
  Import took 0.039182 seconds .

========================================================================
Received Import Request.
  Time since last request: 0.000234 seconds.
  path: Assets/Test/Money1.png
  artifactKey: Guid(38f36cf30ec27234c85241cf8506dc9d) Importer(815301076,1909f56bfc062723c751e8b465ee728b)
Start importing Assets/Test/Money1.png using Guid(38f36cf30ec27234c85241cf8506dc9d) Importer(815301076,1909f56bfc062723c751e8b465ee728b)  -> (artifact id: '35c8e2e51a901a7509c9d5fed51163d1') in 0.013818 seconds 
  Import took 0.017134 seconds .

========================================================================
Received Import Request.
  Time since last request: 0.000320 seconds.
  path: Assets/Test/teletape_back7_2.png
  artifactKey: Guid(58fe8024f548b9b4c8b2b47d85675509) Importer(815301076,1909f56bfc062723c751e8b465ee728b)
Start importing Assets/Test/teletape_back7_2.png using Guid(58fe8024f548b9b4c8b2b47d85675509) Importer(815301076,1909f56bfc062723c751e8b465ee728b)  -> (artifact id: '3146145d31001c222688471fc26284aa') in 0.012261 seconds 
  Import took 0.016149 seconds .

========================================================================
Received Import Request.
  Time since last request: 0.000270 seconds.
  path: Assets/Test
  artifactKey: Guid(58cf871035b524e4f9fcd1beb0a6d5f1) Importer(815301076,1909f56bfc062723c751e8b465ee728b)
Start importing Assets/Test using Guid(58cf871035b524e4f9fcd1beb0a6d5f1) Importer(815301076,1909f56bfc062723c751e8b465ee728b)  -> (artifact id: '6ab43c2466cbe6cf8767a735ab969141') in 0.003746 seconds 
  Import took 0.007383 seconds .

========================================================================
Received Import Request.
  Time since last request: 0.000259 seconds.
  path: Assets/Test/Butter.png
  artifactKey: Guid(eae46e69222edfa44bf16c73c13e4509) Importer(815301076,1909f56bfc062723c751e8b465ee728b)
Start importing Assets/Test/Butter.png using Guid(eae46e69222edfa44bf16c73c13e4509) Importer(815301076,1909f56bfc062723c751e8b465ee728b)  -> (artifact id: '62e760bd7128ca6414c5222058bec896') in 0.015854 seconds 
  Import took 0.019416 seconds .

========================================================================
Received Import Request.
  Time since last request: 0.000259 seconds.
  path: Assets/Test/teletape_back9_2.png
  artifactKey: Guid(0c9c60c53cab80348b51e75774aae1e9) Importer(815301076,1909f56bfc062723c751e8b465ee728b)
Start importing Assets/Test/teletape_back9_2.png using Guid(0c9c60c53cab80348b51e75774aae1e9) Importer(815301076,1909f56bfc062723c751e8b465ee728b)  -> (artifact id: '3d927ecd28928fca7ab88732c4a9d454') in 0.014468 seconds 
  Import took 0.018078 seconds .

========================================================================
Received Import Request.
  Time since last request: 0.000287 seconds.
  path: Assets/Test/frame_back.png
  artifactKey: Guid(957fec3f90c99ef43852b0c47e48889e) Importer(815301076,1909f56bfc062723c751e8b465ee728b)
Start importing Assets/Test/frame_back.png using Guid(957fec3f90c99ef43852b0c47e48889e) Importer(815301076,1909f56bfc062723c751e8b465ee728b)  -> (artifact id: '1e01cbae9ea70f1753dadee82cbba3c6') in 0.011749 seconds 
  Import took 0.015238 seconds .

========================================================================
Received Import Request.
  Time since last request: 0.000239 seconds.
  path: Assets/Test/arrow_teletape.png
  artifactKey: Guid(d6fa8a8c3f841644e80697ab769280cc) Importer(815301076,1909f56bfc062723c751e8b465ee728b)
Start importing Assets/Test/arrow_teletape.png using Guid(d6fa8a8c3f841644e80697ab769280cc) Importer(815301076,1909f56bfc062723c751e8b465ee728b)  -> (artifact id: '8b2453c24277d3876626d9e7eccf633f') in 0.013070 seconds 
  Import took 0.018239 seconds .

========================================================================
Received Import Request.
  Time since last request: 0.000261 seconds.
  path: Assets/Test/line.png
  artifactKey: Guid(5f75b3fe1a38e2a49be773ce164b556f) Importer(815301076,1909f56bfc062723c751e8b465ee728b)
Start importing Assets/Test/line.png using Guid(5f75b3fe1a38e2a49be773ce164b556f) Importer(815301076,1909f56bfc062723c751e8b465ee728b)  -> (artifact id: 'b33345ed64f9bb5097139135df9f5ce0') in 0.011768 seconds 
  Import took 0.015289 seconds .

========================================================================
Received Import Request.
  Time since last request: 0.000253 seconds.
  path: Assets/Test/Mushrooms.png
  artifactKey: Guid(f04e9fef2afd8c34685d05f4cb123acf) Importer(815301076,1909f56bfc062723c751e8b465ee728b)
Start importing Assets/Test/Mushrooms.png using Guid(f04e9fef2afd8c34685d05f4cb123acf) Importer(815301076,1909f56bfc062723c751e8b465ee728b)  -> (artifact id: '1a85384cc6d9777574adc2a5f5d0d558') in 0.012047 seconds 
  Import took 0.015528 seconds .

========================================================================
Received Import Request.
  Time since last request: 0.000231 seconds.
  path: Assets/Test/teletape_back3_2.png
  artifactKey: Guid(0b9df826e68326e49a6fd7cd2c3163d3) Importer(815301076,1909f56bfc062723c751e8b465ee728b)
Start importing Assets/Test/teletape_back3_2.png using Guid(0b9df826e68326e49a6fd7cd2c3163d3) Importer(815301076,1909f56bfc062723c751e8b465ee728b)  -> (artifact id: 'b98ef44b414be5e46c0f0c6e0dd5d744') in 0.014767 seconds 
  Import took 0.018501 seconds .

========================================================================
Received Import Request.
  Time since last request: 585.341315 seconds.
  path: Packages/com.unity.2d.sprite/Editor/ObjectMenuCreation/DefaultAssets/Textures/9-Sliced.png
  artifactKey: Guid(71ebafeef3c03457483266a33ab2b270) Importer(815301076,1909f56bfc062723c751e8b465ee728b)
Start importing Packages/com.unity.2d.sprite/Editor/ObjectMenuCreation/DefaultAssets/Textures/9-Sliced.png using Guid(71ebafeef3c03457483266a33ab2b270) Importer(815301076,1909f56bfc062723c751e8b465ee728b)  -> (artifact id: '0ea08e4411f98851f91f00718d3ff46f') in 0.014016 seconds 
  Import took 0.017864 seconds .

========================================================================
Received Import Request.
  Time since last request: 0.000286 seconds.
  path: Packages/com.unity.2d.sprite/Editor/ObjectMenuCreation/DefaultAssets/Textures/HexagonPointed-Top.png
  artifactKey: Guid(eed45a33cd08446c8b88325cf82fc52f) Importer(815301076,1909f56bfc062723c751e8b465ee728b)
Start importing Packages/com.unity.2d.sprite/Editor/ObjectMenuCreation/DefaultAssets/Textures/HexagonPointed-Top.png using Guid(eed45a33cd08446c8b88325cf82fc52f) Importer(815301076,1909f56bfc062723c751e8b465ee728b)  -> (artifact id: '1809652a82d8d22ff10af5a0b0652610') in 0.011764 seconds 
  Import took 0.015400 seconds .

========================================================================
Received Import Request.
  Time since last request: 0.000297 seconds.
  path: Packages/com.unity.2d.sprite/Editor/ObjectMenuCreation/DefaultAssets/Textures/HexagonPointed-TopWithBorder.png
  artifactKey: Guid(4b2a04fdbe0ef4d8da8f90eaca817cd1) Importer(815301076,1909f56bfc062723c751e8b465ee728b)
Start importing Packages/com.unity.2d.sprite/Editor/ObjectMenuCreation/DefaultAssets/Textures/HexagonPointed-TopWithBorder.png using Guid(4b2a04fdbe0ef4d8da8f90eaca817cd1) Importer(815301076,1909f56bfc062723c751e8b465ee728b)  -> (artifact id: '50858912bcacf81ddc08543ec3f9aa89') in 0.011687 seconds 
  Import took 0.015160 seconds .

========================================================================
Received Import Request.
  Time since last request: 0.000294 seconds.
  path: Packages/com.unity.2d.sprite/Editor/ObjectMenuCreation/DefaultAssets/Textures/HexagonFlat-TopWithBorder.png
  artifactKey: Guid(a9716c16a44a94eed9b5c90fbf4d9bdd) Importer(815301076,1909f56bfc062723c751e8b465ee728b)
Start importing Packages/com.unity.2d.sprite/Editor/ObjectMenuCreation/DefaultAssets/Textures/HexagonFlat-TopWithBorder.png using Guid(a9716c16a44a94eed9b5c90fbf4d9bdd) Importer(815301076,1909f56bfc062723c751e8b465ee728b)  -> (artifact id: '3c1507bf4f496c46ba43d87bf87ee59e') in 0.013267 seconds 
  Import took 0.016911 seconds .

========================================================================
Received Import Request.
  Time since last request: 0.000321 seconds.
  path: Packages/com.unity.2d.sprite/Editor/ObjectMenuCreation/DefaultAssets/Textures/Capsule.png
  artifactKey: Guid(bd3cb4af8406d4436a2ae8c2aafe1f8d) Importer(815301076,1909f56bfc062723c751e8b465ee728b)
Start importing Packages/com.unity.2d.sprite/Editor/ObjectMenuCreation/DefaultAssets/Textures/Capsule.png using Guid(bd3cb4af8406d4436a2ae8c2aafe1f8d) Importer(815301076,1909f56bfc062723c751e8b465ee728b)  -> (artifact id: '4720ed190e1a7817bbfc67a079ccfd84') in 0.011753 seconds 
  Import took 0.015264 seconds .

========================================================================
Received Import Request.
  Time since last request: 0.000258 seconds.
  path: Packages/com.unity.2d.sprite/Editor/ObjectMenuCreation/DefaultAssets/Textures/HexagonFlat-Top.png
  artifactKey: Guid(16037dbd798344f57a526d53d48f5ead) Importer(815301076,1909f56bfc062723c751e8b465ee728b)
Start importing Packages/com.unity.2d.sprite/Editor/ObjectMenuCreation/DefaultAssets/Textures/HexagonFlat-Top.png using Guid(16037dbd798344f57a526d53d48f5ead) Importer(815301076,1909f56bfc062723c751e8b465ee728b)  -> (artifact id: '02a715b525ddce76caf760635f8aeeea') in 0.011551 seconds 
  Import took 0.015081 seconds .

========================================================================
Received Import Request.
  Time since last request: 0.000284 seconds.
  path: Packages/com.unity.2d.sprite/Editor/ObjectMenuCreation/DefaultAssets/Textures/CircleMask.png
  artifactKey: Guid(87aaca0a643d54397ba969dab4fc8875) Importer(815301076,1909f56bfc062723c751e8b465ee728b)
Start importing Packages/com.unity.2d.sprite/Editor/ObjectMenuCreation/DefaultAssets/Textures/CircleMask.png using Guid(87aaca0a643d54397ba969dab4fc8875) Importer(815301076,1909f56bfc062723c751e8b465ee728b)  -> (artifact id: '336ea944f911d78053f811db356c0369') in 0.011407 seconds 
  Import took 0.014774 seconds .

========================================================================
Received Import Request.
  Time since last request: 0.000288 seconds.
  path: Packages/com.unity.2d.sprite/Editor/ObjectMenuCreation/DefaultAssets/Textures/9-SlicedWithBorder.png
  artifactKey: Guid(cc35afd292fc349128b36a291fb3a165) Importer(815301076,1909f56bfc062723c751e8b465ee728b)
Start importing Packages/com.unity.2d.sprite/Editor/ObjectMenuCreation/DefaultAssets/Textures/9-SlicedWithBorder.png using Guid(cc35afd292fc349128b36a291fb3a165) Importer(815301076,1909f56bfc062723c751e8b465ee728b)  -> (artifact id: '600f97cdfd3edc6a1685d83d25fc157c') in 0.011070 seconds 
  Import took 0.014503 seconds .

========================================================================
Received Import Request.
  Time since last request: 0.000255 seconds.
  path: Packages/com.unity.2d.sprite/Editor/ObjectMenuCreation/DefaultAssets/Textures/Square.png
  artifactKey: Guid(48e93eef0688c4a259cb0eddcd8661f7) Importer(815301076,1909f56bfc062723c751e8b465ee728b)
Start importing Packages/com.unity.2d.sprite/Editor/ObjectMenuCreation/DefaultAssets/Textures/Square.png using Guid(48e93eef0688c4a259cb0eddcd8661f7) Importer(815301076,1909f56bfc062723c751e8b465ee728b)  -> (artifact id: '67f9d2c87602c9de665cd5edc8b46197') in 0.014763 seconds 
  Import took 0.018685 seconds .

========================================================================
Received Import Request.
  Time since last request: 0.000271 seconds.
  path: Packages/com.unity.2d.sprite/Editor/ObjectMenuCreation/DefaultAssets/Textures/Circle.png
  artifactKey: Guid(ebe73ca9363db456bacf42c025bb4847) Importer(815301076,1909f56bfc062723c751e8b465ee728b)
Start importing Packages/com.unity.2d.sprite/Editor/ObjectMenuCreation/DefaultAssets/Textures/Circle.png using Guid(ebe73ca9363db456bacf42c025bb4847) Importer(815301076,1909f56bfc062723c751e8b465ee728b)  -> (artifact id: '7d8c39de7271b5a455345680f1bcb82c') in 0.011252 seconds 
  Import took 0.014630 seconds .

========================================================================
Received Import Request.
  Time since last request: 0.000251 seconds.
  path: Packages/com.unity.2d.sprite/Editor/ObjectMenuCreation/DefaultAssets/Textures/CircleWithBorder.png
  artifactKey: Guid(4adeaf2d2b1c7417e89f026626d8264f) Importer(815301076,1909f56bfc062723c751e8b465ee728b)
Start importing Packages/com.unity.2d.sprite/Editor/ObjectMenuCreation/DefaultAssets/Textures/CircleWithBorder.png using Guid(4adeaf2d2b1c7417e89f026626d8264f) Importer(815301076,1909f56bfc062723c751e8b465ee728b)  -> (artifact id: 'd8c5976af4148e7eb69b1e4a48d95fe6') in 0.011256 seconds 
  Import took 0.014839 seconds .

========================================================================
Received Import Request.
  Time since last request: 0.000219 seconds.
  path: Packages/com.unity.2d.sprite/Editor/ObjectMenuCreation/DefaultAssets/Textures/SquareWithBorder.png
  artifactKey: Guid(db750325989564987a34393247d883b4) Importer(815301076,1909f56bfc062723c751e8b465ee728b)
Start importing Packages/com.unity.2d.sprite/Editor/ObjectMenuCreation/DefaultAssets/Textures/SquareWithBorder.png using Guid(db750325989564987a34393247d883b4) Importer(815301076,1909f56bfc062723c751e8b465ee728b)  -> (artifact id: 'f6609b4886f6a7b5e886870c4517a228') in 0.015062 seconds 
  Import took 0.018563 seconds .

========================================================================
Received Import Request.
  Time since last request: 0.000224 seconds.
  path: Packages/com.unity.2d.sprite/Editor/ObjectMenuCreation/DefaultAssets/Textures/IsometricDiamond.png
  artifactKey: Guid(045b15ec09bba42448d89db77fa6f20a) Importer(815301076,1909f56bfc062723c751e8b465ee728b)
Start importing Packages/com.unity.2d.sprite/Editor/ObjectMenuCreation/DefaultAssets/Textures/IsometricDiamond.png using Guid(045b15ec09bba42448d89db77fa6f20a) Importer(815301076,1909f56bfc062723c751e8b465ee728b)  -> (artifact id: '219c897d45680a2c55bb4df6d0d2fb5f') in 0.011225 seconds 
  Import took 0.014595 seconds .

========================================================================
Received Import Request.
  Time since last request: 0.000214 seconds.
  path: Packages/com.unity.2d.sprite/Editor/ObjectMenuCreation/DefaultAssets/Textures/CapsuleWithBorder.png
  artifactKey: Guid(34587324d412940a79d530020c957dc0) Importer(815301076,1909f56bfc062723c751e8b465ee728b)
Start importing Packages/com.unity.2d.sprite/Editor/ObjectMenuCreation/DefaultAssets/Textures/CapsuleWithBorder.png using Guid(34587324d412940a79d530020c957dc0) Importer(815301076,1909f56bfc062723c751e8b465ee728b)  -> (artifact id: '08ad02565640520517df1e4abf7b01ce') in 0.011139 seconds 
  Import took 0.014627 seconds .

========================================================================
Received Import Request.
  Time since last request: 0.000337 seconds.
  path: Packages/com.unity.2d.sprite/Editor/ObjectMenuCreation/DefaultAssets/Textures/IsometricDiamondWithBorder.png
  artifactKey: Guid(0d267bc78a0864eb48358689b29ed20a) Importer(815301076,1909f56bfc062723c751e8b465ee728b)
Start importing Packages/com.unity.2d.sprite/Editor/ObjectMenuCreation/DefaultAssets/Textures/IsometricDiamondWithBorder.png using Guid(0d267bc78a0864eb48358689b29ed20a) Importer(815301076,1909f56bfc062723c751e8b465ee728b)  -> (artifact id: '7d4d89f411a6aa10865620de9ba94abd') in 0.010188 seconds 
  Import took 0.013739 seconds .

========================================================================
Received Prepare
Registering precompiled user dll's ...
Registered in 0.004588 seconds.
Begin MonoManager ReloadAssembly
Native extension for WindowsStandalone target not found
Refreshing native plugins compatible for Editor in 0.61 ms, found 3 plugins.
Preloading 0 native plugins for Editor in 0.00 ms.
Mono: successfully reloaded assembly
- Completed reload, in  0.990 seconds
Domain Reload Profiling:
	ReloadAssembly (991ms)
		BeginReloadAssembly (130ms)
			ExecutionOrderSort (0ms)
			DisableScriptedObjects (5ms)
			BackupInstance (0ms)
			ReleaseScriptingObjects (0ms)
			CreateAndSetChildDomain (36ms)
		EndReloadAssembly (802ms)
			LoadAssemblies (111ms)
			RebuildTransferFunctionScriptingTraits (0ms)
			SetupTypeCache (277ms)
			ReleaseScriptCaches (1ms)
			RebuildScriptCaches (39ms)
			SetupLoadedEditorAssemblies (298ms)
				LogAssemblyErrors (0ms)
				InitializePlatformSupportModulesInManaged (5ms)
				SetLoadedEditorAssemblies (0ms)
				RefreshPlugins (1ms)
				BeforeProcessingInitializeOnLoad (86ms)
				ProcessInitializeOnLoadAttributes (188ms)
				ProcessInitializeOnLoadMethodAttributes (11ms)
				AfterProcessingInitializeOnLoad (7ms)
				EditorAssembliesLoaded (0ms)
			ExecutionOrderSort2 (0ms)
			AwakeInstancesAfterBackupRestoration (8ms)
Platform modules already initialized, skipping
Refreshing native plugins compatible for Editor in 0.56 ms, found 3 plugins.
Preloading 0 native plugins for Editor in 0.00 ms.
Unloading 2273 Unused Serialized files (Serialized files now loaded: 0)
System memory in use before: 101.2 MB.
System memory in use after: 101.4 MB.

Unloading 30 unused Assets to reduce memory usage. Loaded Objects now: 2812.
Total: 3.278900 ms (FindLiveObjects: 0.222200 ms CreateObjectMapping: 0.103500 ms MarkObjects: 2.932800 ms  DeleteObjects: 0.019400 ms)

AssetImportParameters requested are different than current active one (requested -> active):
  custom:framework-win-MediaFoundation: 216162199b28c13a410421893ffa2e32 -> 
  custom:video-decoder-ogg-theora: a1e56fd34408186e4bbccfd4996cb3dc -> 
  custom:container-muxer-webm: aa71ff27fc2769a1b78a27578f13a17b -> 
  custom:container-demuxer-webm: 4f35f7cbe854078d1ac9338744f61a02 -> 
  custom:container-demuxer-ogg: 62fdf1f143b41e24485cea50d1cbac27 -> 
  custom:video-encoder-webm-vp8: eb34c28f22e8b96e1ab97ce403110664 -> 
  custom:video-codec-MediaFoundation-h265: 746d11721c4dcdbdad8f713fa42b33f4 -> 
  custom:video-decoder-webm-vp8: 9c59270c3fd7afecdb556c50c9e8de78 -> 
  custom:audio-decoder-ogg-vorbis: bf7c407c2cedff20999df2af8eb42d56 -> 
  custom:audio-encoder-webm-vorbis: bf7c407c2cedff20999df2af8eb42d56 -> 
========================================================================
Received Prepare
Registering precompiled user dll's ...
Registered in 0.006471 seconds.
Begin MonoManager ReloadAssembly
Native extension for WindowsStandalone target not found
Refreshing native plugins compatible for Editor in 0.54 ms, found 3 plugins.
Preloading 0 native plugins for Editor in 0.00 ms.
Mono: successfully reloaded assembly
- Completed reload, in  1.006 seconds
Domain Reload Profiling:
	ReloadAssembly (1006ms)
		BeginReloadAssembly (137ms)
			ExecutionOrderSort (0ms)
			DisableScriptedObjects (6ms)
			BackupInstance (0ms)
			ReleaseScriptingObjects (0ms)
			CreateAndSetChildDomain (39ms)
		EndReloadAssembly (803ms)
			LoadAssemblies (124ms)
			RebuildTransferFunctionScriptingTraits (0ms)
			SetupTypeCache (282ms)
			ReleaseScriptCaches (1ms)
			RebuildScriptCaches (41ms)
			SetupLoadedEditorAssemblies (286ms)
				LogAssemblyErrors (0ms)
				InitializePlatformSupportModulesInManaged (5ms)
				SetLoadedEditorAssemblies (0ms)
				RefreshPlugins (1ms)
				BeforeProcessingInitializeOnLoad (83ms)
				ProcessInitializeOnLoadAttributes (180ms)
				ProcessInitializeOnLoadMethodAttributes (10ms)
				AfterProcessingInitializeOnLoad (7ms)
				EditorAssembliesLoaded (0ms)
			ExecutionOrderSort2 (0ms)
			AwakeInstancesAfterBackupRestoration (8ms)
Platform modules already initialized, skipping
Refreshing native plugins compatible for Editor in 0.57 ms, found 3 plugins.
Preloading 0 native plugins for Editor in 0.00 ms.
Unloading 2273 Unused Serialized files (Serialized files now loaded: 0)
System memory in use before: 101.3 MB.
System memory in use after: 101.5 MB.

Unloading 30 unused Assets to reduce memory usage. Loaded Objects now: 2814.
Total: 3.538800 ms (FindLiveObjects: 0.227900 ms CreateObjectMapping: 0.107600 ms MarkObjects: 3.183500 ms  DeleteObjects: 0.019000 ms)

AssetImportParameters requested are different than current active one (requested -> active):
  custom:framework-win-MediaFoundation: 216162199b28c13a410421893ffa2e32 -> 
  custom:video-decoder-ogg-theora: a1e56fd34408186e4bbccfd4996cb3dc -> 
  custom:container-muxer-webm: aa71ff27fc2769a1b78a27578f13a17b -> 
  custom:container-demuxer-webm: 4f35f7cbe854078d1ac9338744f61a02 -> 
  custom:container-demuxer-ogg: 62fdf1f143b41e24485cea50d1cbac27 -> 
  custom:video-encoder-webm-vp8: eb34c28f22e8b96e1ab97ce403110664 -> 
  custom:video-codec-MediaFoundation-h265: 746d11721c4dcdbdad8f713fa42b33f4 -> 
  custom:video-decoder-webm-vp8: 9c59270c3fd7afecdb556c50c9e8de78 -> 
  custom:audio-decoder-ogg-vorbis: bf7c407c2cedff20999df2af8eb42d56 -> 
  custom:audio-encoder-webm-vorbis: bf7c407c2cedff20999df2af8eb42d56 -> 
========================================================================
Received Prepare
Registering precompiled user dll's ...
Registered in 0.005657 seconds.
Begin MonoManager ReloadAssembly
Native extension for WindowsStandalone target not found
Refreshing native plugins compatible for Editor in 0.56 ms, found 3 plugins.
Preloading 0 native plugins for Editor in 0.00 ms.
Mono: successfully reloaded assembly
- Completed reload, in  0.976 seconds
Domain Reload Profiling:
	ReloadAssembly (976ms)
		BeginReloadAssembly (123ms)
			ExecutionOrderSort (0ms)
			DisableScriptedObjects (6ms)
			BackupInstance (0ms)
			ReleaseScriptingObjects (0ms)
			CreateAndSetChildDomain (34ms)
		EndReloadAssembly (793ms)
			LoadAssemblies (116ms)
			RebuildTransferFunctionScriptingTraits (0ms)
			SetupTypeCache (284ms)
			ReleaseScriptCaches (1ms)
			RebuildScriptCaches (39ms)
			SetupLoadedEditorAssemblies (278ms)
				LogAssemblyErrors (0ms)
				InitializePlatformSupportModulesInManaged (4ms)
				SetLoadedEditorAssemblies (0ms)
				RefreshPlugins (1ms)
				BeforeProcessingInitializeOnLoad (80ms)
				ProcessInitializeOnLoadAttributes (175ms)
				ProcessInitializeOnLoadMethodAttributes (10ms)
				AfterProcessingInitializeOnLoad (7ms)
				EditorAssembliesLoaded (0ms)
			ExecutionOrderSort2 (0ms)
			AwakeInstancesAfterBackupRestoration (8ms)
Platform modules already initialized, skipping
Refreshing native plugins compatible for Editor in 0.59 ms, found 3 plugins.
Preloading 0 native plugins for Editor in 0.00 ms.
Unloading 2320 Unused Serialized files (Serialized files now loaded: 0)
System memory in use before: 104.4 MB.
System memory in use after: 103.9 MB.

Unloading 43 unused Assets to reduce memory usage. Loaded Objects now: 2850.
Total: 3.338000 ms (FindLiveObjects: 0.231000 ms CreateObjectMapping: 0.104700 ms MarkObjects: 2.699300 ms  DeleteObjects: 0.302200 ms)

AssetImportParameters requested are different than current active one (requested -> active):
  custom:framework-win-MediaFoundation: 216162199b28c13a410421893ffa2e32 -> 
  custom:video-decoder-ogg-theora: a1e56fd34408186e4bbccfd4996cb3dc -> 
  custom:container-muxer-webm: aa71ff27fc2769a1b78a27578f13a17b -> 
  custom:container-demuxer-webm: 4f35f7cbe854078d1ac9338744f61a02 -> 
  custom:container-demuxer-ogg: 62fdf1f143b41e24485cea50d1cbac27 -> 
  custom:video-encoder-webm-vp8: eb34c28f22e8b96e1ab97ce403110664 -> 
  custom:video-codec-MediaFoundation-h265: 746d11721c4dcdbdad8f713fa42b33f4 -> 
  custom:video-decoder-webm-vp8: 9c59270c3fd7afecdb556c50c9e8de78 -> 
  custom:audio-decoder-ogg-vorbis: bf7c407c2cedff20999df2af8eb42d56 -> 
  custom:audio-encoder-webm-vorbis: bf7c407c2cedff20999df2af8eb42d56 -> 
========================================================================
Received Import Request.
  Time since last request: 6101.621276 seconds.
  path: Assets/Test/teletape_back4_2.png
  artifactKey: Guid(fcba99ba66e8e6c43b3ee1b1af2a6f30) Importer(815301076,1909f56bfc062723c751e8b465ee728b)
Start importing Assets/Test/teletape_back4_2.png using Guid(fcba99ba66e8e6c43b3ee1b1af2a6f30) Importer(815301076,1909f56bfc062723c751e8b465ee728b)  -> (artifact id: 'da07a72608ec4481db25cd4ba56f4a8d') in 0.058113 seconds 
  Import took 0.062270 seconds .

========================================================================
Received Import Request.
  Time since last request: 10.539183 seconds.
  path: Assets/Test/teletape_back4_2.png
  artifactKey: Guid(fcba99ba66e8e6c43b3ee1b1af2a6f30) Importer(815301076,1909f56bfc062723c751e8b465ee728b)
Start importing Assets/Test/teletape_back4_2.png using Guid(fcba99ba66e8e6c43b3ee1b1af2a6f30) Importer(815301076,1909f56bfc062723c751e8b465ee728b)  -> (artifact id: '895ae68f092c32cddd587e9e1e8d4ea4') in 0.025015 seconds 
  Import took 0.029070 seconds .

========================================================================
Received Import Request.
  Time since last request: 23.606017 seconds.
  path: Assets/Test/teletape_back4_2.png
  artifactKey: Guid(fcba99ba66e8e6c43b3ee1b1af2a6f30) Importer(815301076,1909f56bfc062723c751e8b465ee728b)
Start importing Assets/Test/teletape_back4_2.png using Guid(fcba99ba66e8e6c43b3ee1b1af2a6f30) Importer(815301076,1909f56bfc062723c751e8b465ee728b)  -> (artifact id: 'a376f47ded49fa46655c92ffb686461b') in 0.020681 seconds 
  Import took 0.024171 seconds .

========================================================================
Received Import Request.
  Time since last request: 24.590829 seconds.
  path: Assets/Test/teletape_back4_2.png
  artifactKey: Guid(fcba99ba66e8e6c43b3ee1b1af2a6f30) Importer(815301076,1909f56bfc062723c751e8b465ee728b)
Start importing Assets/Test/teletape_back4_2.png using Guid(fcba99ba66e8e6c43b3ee1b1af2a6f30) Importer(815301076,1909f56bfc062723c751e8b465ee728b)  -> (artifact id: '16867428e26aceaed7062376465656ef') in 0.013596 seconds 
  Import took 0.017388 seconds .

========================================================================
Received Import Request.
  Time since last request: 39.506181 seconds.
  path: Assets/Test/teletape_back4_2.png
  artifactKey: Guid(fcba99ba66e8e6c43b3ee1b1af2a6f30) Importer(815301076,1909f56bfc062723c751e8b465ee728b)
Start importing Assets/Test/teletape_back4_2.png using Guid(fcba99ba66e8e6c43b3ee1b1af2a6f30) Importer(815301076,1909f56bfc062723c751e8b465ee728b)  -> (artifact id: '564c39aa333bef08bf723331a9bd1b71') in 0.017607 seconds 
  Import took 0.021130 seconds .

========================================================================
Received Import Request.
  Time since last request: 45.632890 seconds.
  path: Assets/Test/teletape_back4_2.png
  artifactKey: Guid(fcba99ba66e8e6c43b3ee1b1af2a6f30) Importer(815301076,1909f56bfc062723c751e8b465ee728b)
Start importing Assets/Test/teletape_back4_2.png using Guid(fcba99ba66e8e6c43b3ee1b1af2a6f30) Importer(815301076,1909f56bfc062723c751e8b465ee728b)  -> (artifact id: '80257d5239e110ce2bc582624f18a1db') in 0.018238 seconds 
  Import took 0.021814 seconds .

========================================================================
Received Import Request.
  Time since last request: 53.119189 seconds.
  path: Assets/Test/teletape_back4_2.png
  artifactKey: Guid(fcba99ba66e8e6c43b3ee1b1af2a6f30) Importer(815301076,1909f56bfc062723c751e8b465ee728b)
Start importing Assets/Test/teletape_back4_2.png using Guid(fcba99ba66e8e6c43b3ee1b1af2a6f30) Importer(815301076,1909f56bfc062723c751e8b465ee728b)  -> (artifact id: '4fb3e78040749354d156dc331807be62') in 0.022766 seconds 
  Import took 0.026583 seconds .

========================================================================
Received Import Request.
  Time since last request: 11.107783 seconds.
  path: Assets/Test/teletape_back4_2.png
  artifactKey: Guid(fcba99ba66e8e6c43b3ee1b1af2a6f30) Importer(815301076,1909f56bfc062723c751e8b465ee728b)
Start importing Assets/Test/teletape_back4_2.png using Guid(fcba99ba66e8e6c43b3ee1b1af2a6f30) Importer(815301076,1909f56bfc062723c751e8b465ee728b)  -> (artifact id: 'e647b2fab17a84efcc9260bbcbb6611b') in 0.019829 seconds 
  Import took 0.023399 seconds .

========================================================================
Received Import Request.
  Time since last request: 13.074677 seconds.
  path: Assets/Test/teletape_back4_2.png
  artifactKey: Guid(fcba99ba66e8e6c43b3ee1b1af2a6f30) Importer(815301076,1909f56bfc062723c751e8b465ee728b)
Start importing Assets/Test/teletape_back4_2.png using Guid(fcba99ba66e8e6c43b3ee1b1af2a6f30) Importer(815301076,1909f56bfc062723c751e8b465ee728b)  -> (artifact id: '2641bc8bf91c78fdd7e8a1159c5fa26f') in 0.020484 seconds 
  Import took 0.024515 seconds .

========================================================================
Received Import Request.
  Time since last request: 152.161808 seconds.
  path: Assets/Test/teletape_back4_2.png
  artifactKey: Guid(fcba99ba66e8e6c43b3ee1b1af2a6f30) Importer(815301076,1909f56bfc062723c751e8b465ee728b)
Start importing Assets/Test/teletape_back4_2.png using Guid(fcba99ba66e8e6c43b3ee1b1af2a6f30) Importer(815301076,1909f56bfc062723c751e8b465ee728b)  -> (artifact id: '451d15ddc5b1cab7f9af40a88fb22326') in 0.017364 seconds 
  Import took 0.021333 seconds .

========================================================================
Received Import Request.
  Time since last request: 323.861401 seconds.
  path: Assets/Test/teletape_back4_2.png
  artifactKey: Guid(fcba99ba66e8e6c43b3ee1b1af2a6f30) Importer(815301076,1909f56bfc062723c751e8b465ee728b)
Start importing Assets/Test/teletape_back4_2.png using Guid(fcba99ba66e8e6c43b3ee1b1af2a6f30) Importer(815301076,1909f56bfc062723c751e8b465ee728b)  -> (artifact id: 'e398cca41d0670e7e42c16773f64ce4d') in 0.020053 seconds 
  Import took 0.024064 seconds .

========================================================================
Received Import Request.
  Time since last request: 56.726348 seconds.
  path: Assets/Test/teletape_back4_2.png
  artifactKey: Guid(fcba99ba66e8e6c43b3ee1b1af2a6f30) Importer(815301076,1909f56bfc062723c751e8b465ee728b)
Start importing Assets/Test/teletape_back4_2.png using Guid(fcba99ba66e8e6c43b3ee1b1af2a6f30) Importer(815301076,1909f56bfc062723c751e8b465ee728b)  -> (artifact id: '31880d4c660d3694f28be821b1f2b4af') in 0.047607 seconds 
  Import took 0.051064 seconds .

========================================================================
Received Import Request.
  Time since last request: 10.665557 seconds.
  path: Assets/Test/teletape_back4_2.png
  artifactKey: Guid(fcba99ba66e8e6c43b3ee1b1af2a6f30) Importer(815301076,1909f56bfc062723c751e8b465ee728b)
Start importing Assets/Test/teletape_back4_2.png using Guid(fcba99ba66e8e6c43b3ee1b1af2a6f30) Importer(815301076,1909f56bfc062723c751e8b465ee728b)  -> (artifact id: '46c3624b8b2a4b0df4ace40fa988ff77') in 0.010875 seconds 
  Import took 0.014852 seconds .

========================================================================
Received Import Request.
  Time since last request: 37.774982 seconds.
  path: Assets/Test/teletape_back4_2.png
  artifactKey: Guid(fcba99ba66e8e6c43b3ee1b1af2a6f30) Importer(815301076,1909f56bfc062723c751e8b465ee728b)
Start importing Assets/Test/teletape_back4_2.png using Guid(fcba99ba66e8e6c43b3ee1b1af2a6f30) Importer(815301076,1909f56bfc062723c751e8b465ee728b)  -> (artifact id: 'e230b75c94c1a8ac2f359bd939a845f8') in 0.016367 seconds 
  Import took 0.020422 seconds .

========================================================================
Received Import Request.
  Time since last request: 8.293692 seconds.
  path: Assets/Test/teletape_back4_2.png
  artifactKey: Guid(fcba99ba66e8e6c43b3ee1b1af2a6f30) Importer(815301076,1909f56bfc062723c751e8b465ee728b)
Start importing Assets/Test/teletape_back4_2.png using Guid(fcba99ba66e8e6c43b3ee1b1af2a6f30) Importer(815301076,1909f56bfc062723c751e8b465ee728b)  -> (artifact id: 'd2fd514c31e4733ffd703a05edaf1ddc') in 0.017364 seconds 
  Import took 0.020828 seconds .

========================================================================
Received Import Request.
  Time since last request: 7.755162 seconds.
  path: Assets/Test/teletape_back4_2.png
  artifactKey: Guid(fcba99ba66e8e6c43b3ee1b1af2a6f30) Importer(815301076,1909f56bfc062723c751e8b465ee728b)
Start importing Assets/Test/teletape_back4_2.png using Guid(fcba99ba66e8e6c43b3ee1b1af2a6f30) Importer(815301076,1909f56bfc062723c751e8b465ee728b)  -> (artifact id: '6add2f22c6b553efbc1d75aca65e09b8') in 0.021366 seconds 
  Import took 0.025482 seconds .

========================================================================
Received Import Request.
  Time since last request: 62.525320 seconds.
  path: Assets/Test/teletape_back4_2 — копия.png
  artifactKey: Guid(eefa4ca6c01be2941a37e006d206703e) Importer(815301076,1909f56bfc062723c751e8b465ee728b)
Start importing Assets/Test/teletape_back4_2 — копия.png using Guid(eefa4ca6c01be2941a37e006d206703e) Importer(815301076,1909f56bfc062723c751e8b465ee728b)  -> (artifact id: 'd26359142ade6c1b839dfdb9a7823fac') in 0.016723 seconds 
  Import took 0.020256 seconds .

========================================================================
Received Import Request.
  Time since last request: 18.624464 seconds.
  path: Assets/Test/teletape_back4_2 — копия.png
  artifactKey: Guid(eefa4ca6c01be2941a37e006d206703e) Importer(815301076,1909f56bfc062723c751e8b465ee728b)
Start importing Assets/Test/teletape_back4_2 — копия.png using Guid(eefa4ca6c01be2941a37e006d206703e) Importer(815301076,1909f56bfc062723c751e8b465ee728b)  -> (artifact id: 'd460d822181a3e1c8b84857c5c739bcb') in 0.019859 seconds 
  Import took 0.023233 seconds .

========================================================================
Received Import Request.
  Time since last request: 24.183477 seconds.
  path: Assets/Test/teletape_back4_2 — копия.png
  artifactKey: Guid(eefa4ca6c01be2941a37e006d206703e) Importer(815301076,1909f56bfc062723c751e8b465ee728b)
Start importing Assets/Test/teletape_back4_2 — копия.png using Guid(eefa4ca6c01be2941a37e006d206703e) Importer(815301076,1909f56bfc062723c751e8b465ee728b)  -> (artifact id: '10b05f77ec65a7b53d7ddce3801f6e8f') in 0.016704 seconds 
  Import took 0.020344 seconds .

========================================================================
Received Import Request.
  Time since last request: 30.220505 seconds.
  path: Assets/Test/teletape_back4_2 — копия.png
  artifactKey: Guid(eefa4ca6c01be2941a37e006d206703e) Importer(815301076,1909f56bfc062723c751e8b465ee728b)
Start importing Assets/Test/teletape_back4_2 — копия.png using Guid(eefa4ca6c01be2941a37e006d206703e) Importer(815301076,1909f56bfc062723c751e8b465ee728b)  -> (artifact id: 'f5f683e4dbdcb8da663093018fb297cf') in 0.018859 seconds 
  Import took 0.022420 seconds .

========================================================================
Received Import Request.
  Time since last request: 720.996255 seconds.
  path: Assets/Test/teletape_back4_2.png
  artifactKey: Guid(fcba99ba66e8e6c43b3ee1b1af2a6f30) Importer(815301076,1909f56bfc062723c751e8b465ee728b)
Start importing Assets/Test/teletape_back4_2.png using Guid(fcba99ba66e8e6c43b3ee1b1af2a6f30) Importer(815301076,1909f56bfc062723c751e8b465ee728b)  -> (artifact id: '4630d4bed7682c0c06dae6dcf487dfc9') in 0.011130 seconds 
  Import took 0.015507 seconds .

========================================================================
Received Import Request.
  Time since last request: 32.629391 seconds.
  path: Assets/Test/teletape_back4_2.png
  artifactKey: Guid(fcba99ba66e8e6c43b3ee1b1af2a6f30) Importer(815301076,1909f56bfc062723c751e8b465ee728b)
Start importing Assets/Test/teletape_back4_2.png using Guid(fcba99ba66e8e6c43b3ee1b1af2a6f30) Importer(815301076,1909f56bfc062723c751e8b465ee728b)  -> (artifact id: 'f54b155ac469ac8791160621e7601896') in 0.017149 seconds 
  Import took 0.020836 seconds .

========================================================================
Received Import Request.
  Time since last request: 95.608201 seconds.
  path: Assets/Test/teletape_back4_2.png
  artifactKey: Guid(fcba99ba66e8e6c43b3ee1b1af2a6f30) Importer(815301076,1909f56bfc062723c751e8b465ee728b)
Start importing Assets/Test/teletape_back4_2.png using Guid(fcba99ba66e8e6c43b3ee1b1af2a6f30) Importer(815301076,1909f56bfc062723c751e8b465ee728b)  -> (artifact id: '9d1a4307123cbc9d04904431c0aa0ca3') in 0.018036 seconds 
  Import took 0.021669 seconds .

AssetImportWorkerClient::OnTransportError - code=2 error=End of file
